TN:
SF:app/app.js
FN:84,(anonymous_0)
FNF:1
FNH:0
FNDA:0,(anonymous_0)
DA:1,3
DA:2,3
DA:3,3
DA:4,3
DA:5,3
DA:6,3
DA:7,3
DA:8,3
DA:10,3
DA:12,3
DA:13,3
DA:14,3
DA:17,3
DA:27,3
DA:28,3
DA:31,3
DA:32,3
DA:36,3
DA:42,3
DA:45,3
DA:51,3
DA:58,3
DA:68,3
DA:71,3
DA:74,3
DA:81,3
DA:84,3
DA:85,0
DA:89,3
DA:91,3
LF:30
LH:29
BRDA:31,0,0,3
BRDA:31,0,1,0
BRF:2
BRH:1
end_of_record
TN:
SF:configs/setupTestDB.js
FN:7,(anonymous_0)
FN:8,(anonymous_1)
FN:16,(anonymous_2)
FN:18,(anonymous_3)
FN:24,(anonymous_4)
FNF:5
FNH:5
FNDA:2,(anonymous_0)
FNDA:2,(anonymous_1)
FNDA:20,(anonymous_2)
FNDA:40,(anonymous_3)
FNDA:2,(anonymous_4)
DA:1,2
DA:2,2
DA:3,2
DA:7,2
DA:8,2
DA:9,2
DA:16,2
DA:17,20
DA:19,40
DA:24,2
DA:25,2
DA:29,2
LF:12
LH:12
BRF:0
BRH:0
end_of_record
TN:
SF:controllers/authController.js
FN:11,(anonymous_0)
FN:22,(anonymous_1)
FN:47,(anonymous_2)
FN:59,(anonymous_3)
FN:74,(anonymous_4)
FN:94,(anonymous_5)
FN:105,(anonymous_6)
FN:153,(anonymous_7)
FN:154,(anonymous_8)
FN:163,(anonymous_9)
FN:207,(anonymous_10)
FN:236,(anonymous_11)
FN:256,(anonymous_12)
FNF:13
FNH:6
FNDA:1,(anonymous_0)
FNDA:1,(anonymous_1)
FNDA:0,(anonymous_2)
FNDA:1,(anonymous_3)
FNDA:0,(anonymous_4)
FNDA:0,(anonymous_5)
FNDA:11,(anonymous_6)
FNDA:9,(anonymous_7)
FNDA:8,(anonymous_8)
FNDA:0,(anonymous_9)
FNDA:0,(anonymous_10)
FNDA:0,(anonymous_11)
FNDA:0,(anonymous_12)
DA:1,3
DA:2,3
DA:3,3
DA:4,3
DA:5,3
DA:6,3
DA:7,3
DA:8,3
DA:9,3
DA:11,3
DA:12,1
DA:22,3
DA:23,1
DA:25,1
DA:32,1
DA:34,1
DA:37,1
DA:38,1
DA:47,3
DA:48,0
DA:51,0
DA:59,3
DA:60,1
DA:67,1
DA:71,1
DA:74,3
DA:75,0
DA:78,0
DA:79,0
DA:83,0
DA:87,0
DA:88,0
DA:91,0
DA:94,3
DA:95,0
DA:100,0
DA:105,3
DA:107,11
DA:109,11
DA:113,8
DA:114,3
DA:115,0
DA:118,11
DA:119,3
DA:127,8
DA:130,8
DA:131,8
DA:132,0
DA:140,8
DA:141,0
DA:146,8
DA:147,8
DA:149,8
DA:152,3
DA:154,9
DA:156,8
DA:157,1
DA:160,7
DA:163,3
DA:165,0
DA:169,0
DA:170,0
DA:173,0
DA:174,0
DA:179,0
DA:183,0
DA:186,0
DA:187,0
DA:189,0
DA:194,0
DA:195,0
DA:197,0
DA:200,0
DA:207,3
DA:209,0
DA:214,0
DA:222,0
DA:224,0
DA:225,0
DA:226,0
DA:227,0
DA:229,0
DA:233,0
DA:236,3
DA:238,0
DA:241,0
DA:242,0
DA:246,0
DA:247,0
DA:248,0
DA:252,0
DA:256,3
DA:257,0
DA:258,0
DA:260,0
DA:266,0
DA:267,0
DA:270,0
DA:271,0
DA:275,0
DA:277,0
DA:279,0
DA:282,0
LF:103
LH:48
BRDA:32,0,0,0
BRDA:32,0,1,1
BRDA:78,1,0,0
BRDA:78,1,1,0
BRDA:78,2,0,0
BRDA:78,2,1,0
BRDA:87,3,0,0
BRDA:87,3,1,0
BRDA:87,4,0,0
BRDA:87,4,1,0
BRDA:109,5,0,8
BRDA:109,5,1,3
BRDA:110,6,0,11
BRDA:110,6,1,8
BRDA:114,7,0,0
BRDA:114,7,1,3
BRDA:118,8,0,3
BRDA:118,8,1,8
BRDA:131,9,0,0
BRDA:131,9,1,8
BRDA:140,10,0,0
BRDA:140,10,1,8
BRDA:156,11,0,1
BRDA:156,11,1,7
BRDA:156,12,0,8
BRDA:156,12,1,8
BRDA:169,13,0,0
BRDA:169,13,1,0
BRDA:222,14,0,0
BRDA:222,14,1,0
BRDA:241,15,0,0
BRDA:241,15,1,0
BRDA:257,16,0,0
BRDA:257,16,1,0
BRDA:267,17,0,0
BRDA:267,17,1,0
BRDA:270,18,0,0
BRDA:270,18,1,0
BRF:38
BRH:14
end_of_record
TN:
SF:controllers/errorHandler.js
FN:4,(anonymous_0)
FN:10,(anonymous_1)
FN:17,(anonymous_2)
FN:20,(anonymous_3)
FN:26,(anonymous_4)
FN:27,(anonymous_5)
FN:32,(anonymous_6)
FN:43,(anonymous_7)
FN:63,(anonymous_8)
FNF:9
FNH:2
FNDA:0,(anonymous_0)
FNDA:0,(anonymous_1)
FNDA:0,(anonymous_2)
FNDA:0,(anonymous_3)
FNDA:0,(anonymous_4)
FNDA:0,(anonymous_5)
FNDA:7,(anonymous_6)
FNDA:0,(anonymous_7)
FNDA:7,(anonymous_8)
DA:1,3
DA:2,3
DA:4,3
DA:5,0
DA:7,0
DA:10,3
DA:11,0
DA:13,0
DA:14,0
DA:17,3
DA:18,0
DA:20,3
DA:21,0
DA:26,3
DA:27,0
DA:28,0
DA:29,0
DA:32,3
DA:35,7
DA:43,3
DA:46,0
DA:47,0
DA:54,0
DA:57,0
DA:63,3
DA:64,7
DA:65,7
DA:67,7
DA:68,7
DA:69,0
DA:70,0
DA:73,0
DA:74,0
DA:75,0
DA:76,0
DA:77,0
DA:78,0
DA:79,0
DA:80,0
DA:81,0
DA:83,0
LF:41
LH:15
BRDA:46,0,0,0
BRDA:46,0,1,0
BRDA:64,1,0,7
BRDA:64,1,1,2
BRDA:65,2,0,7
BRDA:65,2,1,2
BRDA:67,3,0,7
BRDA:67,3,1,0
BRDA:69,4,0,0
BRDA:69,4,1,0
BRDA:75,5,0,0
BRDA:75,5,1,0
BRDA:76,6,0,0
BRDA:76,6,1,0
BRDA:77,7,0,0
BRDA:77,7,1,0
BRDA:79,8,0,0
BRDA:79,8,1,0
BRDA:80,9,0,0
BRDA:80,9,1,0
BRF:20
BRH:5
end_of_record
TN:
SF:controllers/handleFactory.js
FN:7,(anonymous_0)
FN:8,(anonymous_1)
FN:23,(anonymous_2)
FN:24,(anonymous_3)
FN:42,(anonymous_4)
FN:43,(anonymous_5)
FN:54,(anonymous_6)
FN:55,(anonymous_7)
FN:74,(anonymous_8)
FN:75,(anonymous_9)
FNF:10
FNH:10
FNDA:6,(anonymous_0)
FNDA:3,(anonymous_1)
FNDA:6,(anonymous_2)
FNDA:1,(anonymous_3)
FNDA:3,(anonymous_4)
FNDA:2,(anonymous_5)
FNDA:6,(anonymous_6)
FNDA:2,(anonymous_7)
FNDA:6,(anonymous_8)
FNDA:2,(anonymous_9)
DA:1,3
DA:2,3
DA:3,3
DA:4,3
DA:5,3
DA:7,3
DA:8,6
DA:9,3
DA:11,2
DA:12,1
DA:17,1
DA:23,3
DA:24,6
DA:25,1
DA:30,1
DA:31,0
DA:34,1
DA:42,3
DA:43,3
DA:44,2
DA:46,2
DA:54,3
DA:55,6
DA:56,2
DA:57,2
DA:58,2
DA:60,1
DA:61,0
DA:66,1
DA:74,3
DA:75,6
DA:77,2
DA:78,2
DA:79,0
DA:83,2
DA:89,2
DA:92,2
LF:37
LH:34
BRDA:11,0,0,1
BRDA:11,0,1,1
BRDA:30,1,0,0
BRDA:30,1,1,1
BRDA:57,2,0,0
BRDA:57,2,1,2
BRDA:60,3,0,0
BRDA:60,3,1,1
BRDA:78,4,0,0
BRDA:78,4,1,2
BRF:10
BRH:6
end_of_record
TN:
SF:controllers/productCategoryController.js
FNF:0
FNH:0
DA:1,3
DA:2,3
DA:4,3
DA:5,3
DA:6,3
DA:7,3
DA:8,3
LF:7
LH:7
BRF:0
BRH:0
end_of_record
TN:
SF:controllers/userController.js
FN:21,(anonymous_0)
FN:36,(anonymous_1)
FN:50,(anonymous_2)
FN:52,(anonymous_3)
FN:58,(anonymous_4)
FN:64,(anonymous_5)
FN:94,(anonymous_6)
FN:105,(anonymous_7)
FNF:8
FNH:0
FNDA:0,(anonymous_0)
FNDA:0,(anonymous_1)
FNDA:0,(anonymous_2)
FNDA:0,(anonymous_3)
FNDA:0,(anonymous_4)
FNDA:0,(anonymous_5)
FNDA:0,(anonymous_6)
FNDA:0,(anonymous_7)
DA:1,3
DA:2,3
DA:3,3
DA:4,3
DA:5,3
DA:6,3
DA:18,3
DA:21,3
DA:22,0
DA:23,0
DA:25,0
DA:29,3
DA:34,3
DA:36,3
DA:37,0
DA:39,0
DA:41,0
DA:47,0
DA:50,3
DA:51,0
DA:52,0
DA:53,0
DA:55,0
DA:58,3
DA:59,0
DA:60,0
DA:64,3
DA:66,0
DA:67,0
DA:76,0
DA:78,0
DA:81,0
DA:86,0
DA:94,3
DA:95,0
DA:99,0
DA:105,3
DA:106,0
DA:112,3
DA:113,3
DA:115,3
DA:116,3
LF:42
LH:20
BRDA:22,0,0,0
BRDA:22,0,1,0
BRDA:37,1,0,0
BRDA:37,1,1,0
BRDA:53,2,0,0
BRDA:53,2,1,0
BRDA:66,3,0,0
BRDA:66,3,1,0
BRDA:66,4,0,0
BRDA:66,4,1,0
BRDA:78,5,0,0
BRDA:78,5,1,0
BRF:12
BRH:0
end_of_record
TN:
SF:models/productCategory.js
FN:19,(anonymous_0)
FNF:1
FNH:1
FNDA:2,(anonymous_0)
DA:1,3
DA:2,3
DA:4,3
DA:19,3
DA:20,2
DA:21,2
DA:23,2
DA:26,3
DA:31,3
LF:9
LH:9
BRF:0
BRH:0
end_of_record
TN:
SF:models/userModel.js
FN:38,(anonymous_0)
FN:54,(anonymous_1)
FN:66,(anonymous_2)
FN:73,(anonymous_3)
FN:84,(anonymous_4)
FN:91,(anonymous_5)
FN:104,(anonymous_6)
FNF:7
FNH:5
FNDA:15,(anonymous_0)
FNDA:1,(anonymous_1)
FNDA:1,(anonymous_2)
FNDA:8,(anonymous_3)
FNDA:0,(anonymous_4)
FNDA:8,(anonymous_5)
FNDA:0,(anonymous_6)
DA:1,3
DA:2,3
DA:3,3
DA:4,3
DA:6,3
DA:39,15
DA:54,3
DA:56,1
DA:59,1
DA:62,1
DA:63,1
DA:66,3
DA:67,1
DA:69,0
DA:70,0
DA:73,3
DA:75,8
DA:80,8
DA:84,3
DA:88,0
DA:91,3
DA:92,8
DA:93,0
DA:98,0
DA:101,8
DA:104,3
DA:105,0
DA:107,0
DA:119,0
DA:121,0
DA:124,3
DA:126,3
LF:32
LH:23
BRDA:56,0,0,0
BRDA:56,0,1,1
BRDA:67,1,0,1
BRDA:67,1,1,0
BRDA:67,2,0,1
BRDA:67,2,1,1
BRDA:92,3,0,0
BRDA:92,3,1,8
BRF:8
BRH:5
end_of_record
TN:
SF:routes/v1/index.js
FN:40,(anonymous_0)
FNF:1
FNH:1
FNDA:12,(anonymous_0)
DA:1,3
DA:2,3
DA:3,3
DA:4,3
DA:5,3
DA:7,3
DA:9,3
DA:40,3
DA:41,12
DA:51,3
LF:10
LH:10
BRF:0
BRH:0
end_of_record
TN:
SF:routes/v1/productCategory.routes.js
FNF:0
FNH:0
DA:1,3
DA:2,3
DA:3,3
DA:7,3
DA:9,3
DA:13,3
DA:15,3
DA:17,3
DA:18,3
DA:20,3
DA:27,3
DA:32,3
LF:12
LH:12
BRF:0
BRH:0
end_of_record
TN:
SF:routes/v1/productSubCategory.routes.js
FNF:0
FNH:0
DA:1,3
DA:2,3
DA:4,3
DA:7,3
DA:9,3
LF:5
LH:5
BRF:0
BRH:0
end_of_record
TN:
SF:routes/v1/test.route.js
FN:6,(anonymous_0)
FNF:1
FNH:1
FNDA:1,(anonymous_0)
DA:1,3
DA:2,3
DA:4,3
DA:6,3
DA:7,1
DA:15,3
LF:6
LH:6
BRF:0
BRH:0
end_of_record
TN:
SF:routes/v1/userRoutes.js
FNF:0
FNH:0
DA:1,3
DA:2,3
DA:3,3
DA:7,3
DA:8,3
DA:10,3
DA:16,3
DA:17,3
DA:19,3
DA:20,3
DA:23,3
DA:25,3
DA:27,3
DA:28,3
DA:34,3
DA:37,3
DA:39,3
DA:44,3
DA:50,3
LF:19
LH:19
BRF:0
BRH:0
end_of_record
TN:
SF:utils/apiFeatures.js
FN:2,(anonymous_0)
FN:7,(anonymous_1)
FN:10,(anonymous_2)
FN:14,(anonymous_3)
FN:21,(anonymous_4)
FN:32,(anonymous_5)
FN:43,(anonymous_6)
FNF:7
FNH:6
FNDA:2,(anonymous_0)
FNDA:2,(anonymous_1)
FNDA:8,(anonymous_2)
FNDA:0,(anonymous_3)
FNDA:2,(anonymous_4)
FNDA:2,(anonymous_5)
FNDA:2,(anonymous_6)
DA:3,2
DA:4,2
DA:8,2
DA:9,2
DA:10,8
DA:13,2
DA:14,2
DA:16,2
DA:18,2
DA:22,2
DA:23,0
DA:24,0
DA:26,2
DA:29,2
DA:33,2
DA:34,0
DA:35,0
DA:37,2
DA:40,2
DA:44,2
DA:45,2
DA:46,2
DA:48,2
DA:50,2
DA:54,3
LF:25
LH:21
BRDA:22,0,0,0
BRDA:22,0,1,2
BRDA:33,1,0,0
BRDA:33,1,1,2
BRDA:44,2,0,2
BRDA:44,2,1,2
BRDA:45,3,0,2
BRDA:45,3,1,2
BRF:8
BRH:6
end_of_record
TN:
SF:utils/appError.js
FN:2,(anonymous_0)
FNF:1
FNH:1
FNDA:7,(anonymous_0)
DA:3,7
DA:5,7
DA:6,7
DA:7,7
DA:9,7
DA:13,3
LF:6
LH:6
BRDA:6,0,0,5
BRDA:6,0,1,2
BRF:2
BRH:2
end_of_record
TN:
SF:utils/catchAsync.js
FN:2,(anonymous_0)
FN:3,(anonymous_1)
FNF:2
FNH:2
FNDA:57,(anonymous_0)
FNDA:22,(anonymous_1)
DA:2,3
DA:3,57
DA:4,22
LF:3
LH:3
BRF:0
BRH:0
end_of_record
TN:
SF:utils/email.js
FN:6,(anonymous_0)
FN:13,(anonymous_1)
FN:37,(anonymous_2)
FN:58,(anonymous_3)
FN:62,(anonymous_4)
FNF:5
FNH:0
FNDA:0,(anonymous_0)
FNDA:0,(anonymous_1)
FNDA:0,(anonymous_2)
FNDA:0,(anonymous_3)
FNDA:0,(anonymous_4)
DA:1,3
DA:2,3
DA:3,3
DA:5,3
DA:7,0
DA:8,0
DA:9,0
DA:10,0
DA:14,0
DA:16,0
DA:25,0
DA:39,0
DA:46,0
DA:55,0
DA:59,0
DA:63,0
LF:16
LH:4
BRDA:14,0,0,0
BRDA:14,0,1,0
BRF:2
BRH:0
end_of_record
TN:
SF:validations/productCategory.validation.js
FN:5,(anonymous_0)
FN:16,(anonymous_1)
FN:22,(anonymous_2)
FNF:3
FNH:3
FNDA:3,(anonymous_0)
FNDA:3,(anonymous_1)
FNDA:2,(anonymous_2)
DA:1,3
DA:2,3
DA:3,3
DA:5,3
DA:6,3
DA:16,3
DA:17,3
DA:19,3
DA:21,1
DA:22,2
DA:24,1
DA:30,3
LF:12
LH:12
BRDA:19,0,0,2
BRDA:19,0,1,1
BRF:2
BRH:2
end_of_record
TN:
SF:validations/user.validation.js
FN:5,(anonymous_0)
FN:27,(anonymous_1)
FN:41,(anonymous_2)
FN:47,(anonymous_3)
FNF:4
FNH:4
FNDA:3,(anonymous_0)
FNDA:6,(anonymous_1)
FNDA:6,(anonymous_2)
FNDA:14,(anonymous_3)
DA:1,3
DA:2,3
DA:3,3
DA:5,3
DA:6,3
DA:28,6
DA:29,2
DA:36,4
DA:41,3
DA:42,6
DA:44,6
DA:46,5
DA:47,14
DA:49,5
DA:55,3
LF:15
LH:15
BRDA:28,0,0,2
BRDA:28,0,1,4
BRDA:44,1,0,1
BRDA:44,1,1,5
BRF:4
BRH:4
end_of_record
